<?xml version="1.0" encoding="UTF-8"?>
<!-- Generated by org.testng.reporters.JUnitXMLReporter -->
<testsuite hostname="RLE0420" name="PositiveTest" tests="5" failures="0" timestamp="23 Jan 2019 09:54:14 GMT" time="681.55" errors="0">
  <testcase name="create" time="157.345" classname="Education_LOB.Education_LOB.SalesOrder"/>
  <testcase name="validation" time="168.599" classname="Education_LOB.Education_LOB.Fullfill"/>
  <testcase name="invoice" time="83.402" classname="Education_LOB.Education_LOB.BillSO"/>
  <testcase name="payment" time="166.399" classname="Education_LOB.Education_LOB.AcceptPayment"/>
  <testcase name="receivedReturn" time="105.772" classname="Education_LOB.Education_LOB.ReturnReceived"/>
</testsuite> <!-- PositiveTest -->
